[INFO ] 2024-08-06 13:14:32.318 [EmployeeManagement.main()] Version - HHH000412: Hibernate ORM core version 5.6.15.Final
[INFO ] 2024-08-06 13:14:32.775 [EmployeeManagement.main()] DepartmentController - Initial SessionFactory creation failed.
[INFO ] 2024-08-06 13:24:49.581 [EmployeeManagement.main()] Version - HHH000412: Hibernate ORM core version 5.6.0.Final
[INFO ] 2024-08-06 13:24:49.904 [EmployeeManagement.main()] Version - HCANN000001: Hibernate Commons Annotations {5.1.2.Final}
[WARN ] 2024-08-06 13:24:49.990 [EmployeeManagement.main()] pooling - HHH10001002: Using Hibernate built-in connection pool (not for production use!)
[INFO ] 2024-08-06 13:24:49.990 [EmployeeManagement.main()] pooling - HHH10001005: using driver [org.postgresql.Driver] at URL [jdbc:postgresql://localhost:5432/EmployeeManagementSystem]
[INFO ] 2024-08-06 13:24:50.033 [EmployeeManagement.main()] pooling - HHH10001001: Connection properties: {password=****, autocommit=true, user=postgres}
[INFO ] 2024-08-06 13:24:50.033 [EmployeeManagement.main()] pooling - HHH10001003: Autocommit mode: true
[INFO ] 2024-08-06 13:24:50.035 [EmployeeManagement.main()] DriverManagerConnectionProviderImpl - HHH000115: Hibernate connection pool size: 20 (min=1)
[INFO ] 2024-08-06 13:24:50.242 [EmployeeManagement.main()] Dialect - HHH000400: Using dialect: org.hibernate.dialect.PostgreSQLDialect
[INFO ] 2024-08-06 13:24:50.822 [EmployeeManagement.main()] JtaPlatformInitiator - HHH000490: Using JtaPlatform implementation: [org.hibernate.engine.transaction.jta.platform.internal.NoJtaPlatform]
[WARN ] 2024-08-06 14:33:49.447 [EmployeeManagement.main()] pooling - HHH10001002: Using Hibernate built-in connection pool (not for production use!)
[INFO ] 2024-08-06 14:33:49.447 [EmployeeManagement.main()] pooling - HHH10001005: using driver [org.postgresql.Driver] at URL [jdbc:postgresql://localhost:5432/EmployeeManagementSystem]
[INFO ] 2024-08-06 14:33:49.447 [EmployeeManagement.main()] pooling - HHH10001001: Connection properties: {password=****, autocommit=true, user=postgres}
[INFO ] 2024-08-06 14:33:49.447 [EmployeeManagement.main()] pooling - HHH10001003: Autocommit mode: true
[INFO ] 2024-08-06 14:33:49.447 [EmployeeManagement.main()] DriverManagerConnectionProviderImpl - HHH000115: Hibernate connection pool size: 20 (min=1)
[INFO ] 2024-08-06 14:33:49.498 [EmployeeManagement.main()] Dialect - HHH000400: Using dialect: org.hibernate.dialect.PostgreSQLDialect
[INFO ] 2024-08-06 14:33:49.731 [EmployeeManagement.main()] JtaPlatformInitiator - HHH000490: Using JtaPlatform implementation: [org.hibernate.engine.transaction.jta.platform.internal.NoJtaPlatform]
[WARN ] 2024-08-06 14:34:03.969 [EmployeeManagement.main()] pooling - HHH10001002: Using Hibernate built-in connection pool (not for production use!)
[INFO ] 2024-08-06 14:34:03.969 [EmployeeManagement.main()] pooling - HHH10001005: using driver [org.postgresql.Driver] at URL [jdbc:postgresql://localhost:5432/EmployeeManagementSystem]
[INFO ] 2024-08-06 14:34:03.969 [EmployeeManagement.main()] pooling - HHH10001001: Connection properties: {password=****, autocommit=true, user=postgres}
[INFO ] 2024-08-06 14:34:03.969 [EmployeeManagement.main()] pooling - HHH10001003: Autocommit mode: true
[INFO ] 2024-08-06 14:34:03.969 [EmployeeManagement.main()] DriverManagerConnectionProviderImpl - HHH000115: Hibernate connection pool size: 20 (min=1)
[INFO ] 2024-08-06 14:34:04.020 [EmployeeManagement.main()] Dialect - HHH000400: Using dialect: org.hibernate.dialect.PostgreSQLDialect
[INFO ] 2024-08-06 14:34:04.236 [EmployeeManagement.main()] JtaPlatformInitiator - HHH000490: Using JtaPlatform implementation: [org.hibernate.engine.transaction.jta.platform.internal.NoJtaPlatform]
[WARN ] 2024-08-06 14:34:04.300 [EmployeeManagement.main()] pooling - HHH10001002: Using Hibernate built-in connection pool (not for production use!)
[INFO ] 2024-08-06 14:34:04.300 [EmployeeManagement.main()] pooling - HHH10001005: using driver [org.postgresql.Driver] at URL [jdbc:postgresql://localhost:5432/EmployeeManagementSystem]
[INFO ] 2024-08-06 14:34:04.315 [EmployeeManagement.main()] pooling - HHH10001001: Connection properties: {password=****, autocommit=true, user=postgres}
[INFO ] 2024-08-06 14:34:04.315 [EmployeeManagement.main()] pooling - HHH10001003: Autocommit mode: true
[INFO ] 2024-08-06 14:34:04.315 [EmployeeManagement.main()] DriverManagerConnectionProviderImpl - HHH000115: Hibernate connection pool size: 20 (min=1)
[INFO ] 2024-08-06 14:34:04.347 [EmployeeManagement.main()] Dialect - HHH000400: Using dialect: org.hibernate.dialect.PostgreSQLDialect
[INFO ] 2024-08-06 14:34:04.552 [EmployeeManagement.main()] JtaPlatformInitiator - HHH000490: Using JtaPlatform implementation: [org.hibernate.engine.transaction.jta.platform.internal.NoJtaPlatform]
[INFO ] 2024-08-06 14:34:04.662 [EmployeeManagement.main()] EmployeeController - Employee Added
[WARN ] 2024-08-06 14:34:10.702 [EmployeeManagement.main()] pooling - HHH10001002: Using Hibernate built-in connection pool (not for production use!)
[INFO ] 2024-08-06 14:34:10.702 [EmployeeManagement.main()] pooling - HHH10001005: using driver [org.postgresql.Driver] at URL [jdbc:postgresql://localhost:5432/EmployeeManagementSystem]
[INFO ] 2024-08-06 14:34:10.702 [EmployeeManagement.main()] pooling - HHH10001001: Connection properties: {password=****, autocommit=true, user=postgres}
[INFO ] 2024-08-06 14:34:10.702 [EmployeeManagement.main()] pooling - HHH10001003: Autocommit mode: true
[INFO ] 2024-08-06 14:34:10.702 [EmployeeManagement.main()] DriverManagerConnectionProviderImpl - HHH000115: Hibernate connection pool size: 20 (min=1)
[INFO ] 2024-08-06 14:34:10.748 [EmployeeManagement.main()] Dialect - HHH000400: Using dialect: org.hibernate.dialect.PostgreSQLDialect
[INFO ] 2024-08-06 14:34:10.929 [EmployeeManagement.main()] JtaPlatformInitiator - HHH000490: Using JtaPlatform implementation: [org.hibernate.engine.transaction.jta.platform.internal.NoJtaPlatform]
[INFO ] 2024-08-06 14:34:10.998 [EmployeeManagement.main()] EmployeeController - Employee Removed
[WARN ] 2024-08-06 14:34:17.448 [EmployeeManagement.main()] pooling - HHH10001002: Using Hibernate built-in connection pool (not for production use!)
[INFO ] 2024-08-06 14:34:17.448 [EmployeeManagement.main()] pooling - HHH10001005: using driver [org.postgresql.Driver] at URL [jdbc:postgresql://localhost:5432/EmployeeManagementSystem]
[INFO ] 2024-08-06 14:34:17.448 [EmployeeManagement.main()] pooling - HHH10001001: Connection properties: {password=****, autocommit=true, user=postgres}
[INFO ] 2024-08-06 14:34:17.451 [EmployeeManagement.main()] pooling - HHH10001003: Autocommit mode: true
[INFO ] 2024-08-06 14:34:17.451 [EmployeeManagement.main()] DriverManagerConnectionProviderImpl - HHH000115: Hibernate connection pool size: 20 (min=1)
[INFO ] 2024-08-06 14:34:17.480 [EmployeeManagement.main()] Dialect - HHH000400: Using dialect: org.hibernate.dialect.PostgreSQLDialect
[INFO ] 2024-08-06 14:34:17.685 [EmployeeManagement.main()] JtaPlatformInitiator - HHH000490: Using JtaPlatform implementation: [org.hibernate.engine.transaction.jta.platform.internal.NoJtaPlatform]
[INFO ] 2024-08-06 14:34:17.701 [EmployeeManagement.main()] EmployeeController - NO DATA AVAILABLE
[WARN ] 2024-08-06 14:34:22.664 [EmployeeManagement.main()] pooling - HHH10001002: Using Hibernate built-in connection pool (not for production use!)
[INFO ] 2024-08-06 14:34:22.664 [EmployeeManagement.main()] pooling - HHH10001005: using driver [org.postgresql.Driver] at URL [jdbc:postgresql://localhost:5432/EmployeeManagementSystem]
[INFO ] 2024-08-06 14:34:22.664 [EmployeeManagement.main()] pooling - HHH10001001: Connection properties: {password=****, autocommit=true, user=postgres}
[INFO ] 2024-08-06 14:34:22.664 [EmployeeManagement.main()] pooling - HHH10001003: Autocommit mode: true
[INFO ] 2024-08-06 14:34:22.664 [EmployeeManagement.main()] DriverManagerConnectionProviderImpl - HHH000115: Hibernate connection pool size: 20 (min=1)
[INFO ] 2024-08-06 14:34:22.711 [EmployeeManagement.main()] Dialect - HHH000400: Using dialect: org.hibernate.dialect.PostgreSQLDialect
[INFO ] 2024-08-06 14:34:22.885 [EmployeeManagement.main()] JtaPlatformInitiator - HHH000490: Using JtaPlatform implementation: [org.hibernate.engine.transaction.jta.platform.internal.NoJtaPlatform]
[ERROR] 2024-08-06 14:34:22.897 [EmployeeManagement.main()] EmployeeController - Cannot invoke "com.ideas2it.ems.model.Employee.getAge()" because "employee" is null
[INFO ] 2024-08-06 14:38:09.117 [EmployeeManagement.main()] Version - HHH000412: Hibernate ORM core version 5.6.0.Final
[INFO ] 2024-08-06 14:38:09.384 [EmployeeManagement.main()] Version - HCANN000001: Hibernate Commons Annotations {5.1.2.Final}
[WARN ] 2024-08-06 14:38:09.446 [EmployeeManagement.main()] pooling - HHH10001002: Using Hibernate built-in connection pool (not for production use!)
[INFO ] 2024-08-06 14:38:09.463 [EmployeeManagement.main()] pooling - HHH10001005: using driver [org.postgresql.Driver] at URL [jdbc:postgresql://localhost:5432/EmployeeManagementSystem]
[INFO ] 2024-08-06 14:38:09.463 [EmployeeManagement.main()] pooling - HHH10001001: Connection properties: {password=****, autocommit=true, user=postgres}
[INFO ] 2024-08-06 14:38:09.463 [EmployeeManagement.main()] pooling - HHH10001003: Autocommit mode: true
[INFO ] 2024-08-06 14:38:09.463 [EmployeeManagement.main()] DriverManagerConnectionProviderImpl - HHH000115: Hibernate connection pool size: 20 (min=1)
[INFO ] 2024-08-06 14:38:09.620 [EmployeeManagement.main()] Dialect - HHH000400: Using dialect: org.hibernate.dialect.PostgreSQLDialect
[INFO ] 2024-08-06 14:38:10.233 [EmployeeManagement.main()] JtaPlatformInitiator - HHH000490: Using JtaPlatform implementation: [org.hibernate.engine.transaction.jta.platform.internal.NoJtaPlatform]
[ERROR] 2024-08-06 14:38:10.312 [EmployeeManagement.main()] EmployeeController - Cannot invoke "com.ideas2it.ems.model.Employee.getIsDeleted()" because "employee" is null
[INFO ] 2024-08-06 14:44:23.087 [EmployeeManagement.main()] Version - HHH000412: Hibernate ORM core version 5.6.0.Final
[INFO ] 2024-08-06 14:44:23.985 [EmployeeManagement.main()] Version - HCANN000001: Hibernate Commons Annotations {5.1.2.Final}
[WARN ] 2024-08-06 14:44:24.229 [EmployeeManagement.main()] pooling - HHH10001002: Using Hibernate built-in connection pool (not for production use!)
[INFO ] 2024-08-06 14:44:24.245 [EmployeeManagement.main()] pooling - HHH10001005: using driver [org.postgresql.Driver] at URL [jdbc:postgresql://localhost:5432/EmployeeManagementSystem]
[INFO ] 2024-08-06 14:44:24.245 [EmployeeManagement.main()] pooling - HHH10001001: Connection properties: {password=****, autocommit=true, user=postgres}
[INFO ] 2024-08-06 14:44:24.245 [EmployeeManagement.main()] pooling - HHH10001003: Autocommit mode: true
[INFO ] 2024-08-06 14:44:24.252 [EmployeeManagement.main()] DriverManagerConnectionProviderImpl - HHH000115: Hibernate connection pool size: 20 (min=1)
[INFO ] 2024-08-06 14:44:24.746 [EmployeeManagement.main()] Dialect - HHH000400: Using dialect: org.hibernate.dialect.PostgreSQLDialect
[INFO ] 2024-08-06 14:44:26.561 [EmployeeManagement.main()] JtaPlatformInitiator - HHH000490: Using JtaPlatform implementation: [org.hibernate.engine.transaction.jta.platform.internal.NoJtaPlatform]
[ERROR] 2024-08-06 14:44:26.750 [EmployeeManagement.main()] EmployeeController - Cannot invoke "com.ideas2it.ems.model.Employee.getIsDeleted()" because "employee" is null
[INFO ] 2024-08-06 14:45:32.569 [EmployeeManagement.main()] Version - HHH000412: Hibernate ORM core version 5.6.0.Final
[INFO ] 2024-08-06 14:45:32.825 [EmployeeManagement.main()] Version - HCANN000001: Hibernate Commons Annotations {5.1.2.Final}
[WARN ] 2024-08-06 14:45:32.904 [EmployeeManagement.main()] pooling - HHH10001002: Using Hibernate built-in connection pool (not for production use!)
[INFO ] 2024-08-06 14:45:32.904 [EmployeeManagement.main()] pooling - HHH10001005: using driver [org.postgresql.Driver] at URL [jdbc:postgresql://localhost:5432/EmployeeManagementSystem]
[INFO ] 2024-08-06 14:45:32.904 [EmployeeManagement.main()] pooling - HHH10001001: Connection properties: {password=****, autocommit=true, user=postgres}
[INFO ] 2024-08-06 14:45:32.904 [EmployeeManagement.main()] pooling - HHH10001003: Autocommit mode: true
[INFO ] 2024-08-06 14:45:32.920 [EmployeeManagement.main()] DriverManagerConnectionProviderImpl - HHH000115: Hibernate connection pool size: 20 (min=1)
[INFO ] 2024-08-06 14:45:33.141 [EmployeeManagement.main()] Dialect - HHH000400: Using dialect: org.hibernate.dialect.PostgreSQLDialect
[INFO ] 2024-08-06 14:45:33.705 [EmployeeManagement.main()] JtaPlatformInitiator - HHH000490: Using JtaPlatform implementation: [org.hibernate.engine.transaction.jta.platform.internal.NoJtaPlatform]
[WARN ] 2024-08-06 14:48:53.007 [EmployeeManagement.main()] pooling - HHH10001002: Using Hibernate built-in connection pool (not for production use!)
[INFO ] 2024-08-06 14:48:53.007 [EmployeeManagement.main()] pooling - HHH10001005: using driver [org.postgresql.Driver] at URL [jdbc:postgresql://localhost:5432/EmployeeManagementSystem]
[INFO ] 2024-08-06 14:48:53.011 [EmployeeManagement.main()] pooling - HHH10001001: Connection properties: {password=****, autocommit=true, user=postgres}
[INFO ] 2024-08-06 14:48:53.011 [EmployeeManagement.main()] pooling - HHH10001003: Autocommit mode: true
[INFO ] 2024-08-06 14:48:53.011 [EmployeeManagement.main()] DriverManagerConnectionProviderImpl - HHH000115: Hibernate connection pool size: 20 (min=1)
[INFO ] 2024-08-06 14:48:53.039 [EmployeeManagement.main()] Dialect - HHH000400: Using dialect: org.hibernate.dialect.PostgreSQLDialect
[INFO ] 2024-08-06 14:48:53.290 [EmployeeManagement.main()] JtaPlatformInitiator - HHH000490: Using JtaPlatform implementation: [org.hibernate.engine.transaction.jta.platform.internal.NoJtaPlatform]
[ERROR] 2024-08-06 14:48:53.290 [EmployeeManagement.main()] EmployeeController - Cannot invoke "com.ideas2it.ems.model.Employee.getIsDeleted()" because "employee" is null
[INFO ] 2024-08-06 14:50:02.961 [EmployeeManagement.main()] Version - HHH000412: Hibernate ORM core version 5.6.0.Final
[INFO ] 2024-08-06 14:50:03.859 [EmployeeManagement.main()] Version - HCANN000001: Hibernate Commons Annotations {5.1.2.Final}
[WARN ] 2024-08-06 14:50:04.110 [EmployeeManagement.main()] pooling - HHH10001002: Using Hibernate built-in connection pool (not for production use!)
[INFO ] 2024-08-06 14:50:04.124 [EmployeeManagement.main()] pooling - HHH10001005: using driver [org.postgresql.Driver] at URL [jdbc:postgresql://localhost:5432/EmployeeManagementSystem]
[INFO ] 2024-08-06 14:50:04.126 [EmployeeManagement.main()] pooling - HHH10001001: Connection properties: {password=****, autocommit=true, user=postgres}
[INFO ] 2024-08-06 14:50:04.126 [EmployeeManagement.main()] pooling - HHH10001003: Autocommit mode: true
[INFO ] 2024-08-06 14:50:04.126 [EmployeeManagement.main()] DriverManagerConnectionProviderImpl - HHH000115: Hibernate connection pool size: 20 (min=1)
[INFO ] 2024-08-06 14:50:04.629 [EmployeeManagement.main()] Dialect - HHH000400: Using dialect: org.hibernate.dialect.PostgreSQLDialect
[INFO ] 2024-08-06 14:50:06.454 [EmployeeManagement.main()] JtaPlatformInitiator - HHH000490: Using JtaPlatform implementation: [org.hibernate.engine.transaction.jta.platform.internal.NoJtaPlatform]
[INFO ] 2024-08-06 14:50:06.643 [EmployeeManagement.main()] EmployeeController - employee not Available at : 33
[INFO ] 2024-08-06 14:56:34.093 [EmployeeManagement.main()] Version - HHH000412: Hibernate ORM core version 5.6.0.Final
[INFO ] 2024-08-06 14:56:34.360 [EmployeeManagement.main()] Version - HCANN000001: Hibernate Commons Annotations {5.1.2.Final}
[WARN ] 2024-08-06 14:56:34.439 [EmployeeManagement.main()] pooling - HHH10001002: Using Hibernate built-in connection pool (not for production use!)
[INFO ] 2024-08-06 14:56:34.439 [EmployeeManagement.main()] pooling - HHH10001005: using driver [org.postgresql.Driver] at URL [jdbc:postgresql://localhost:5432/EmployeeManagementSystem]
[INFO ] 2024-08-06 14:56:34.439 [EmployeeManagement.main()] pooling - HHH10001001: Connection properties: {password=****, autocommit=true, user=postgres}
[INFO ] 2024-08-06 14:56:34.439 [EmployeeManagement.main()] pooling - HHH10001003: Autocommit mode: true
[INFO ] 2024-08-06 14:56:34.439 [EmployeeManagement.main()] DriverManagerConnectionProviderImpl - HHH000115: Hibernate connection pool size: 20 (min=1)
[INFO ] 2024-08-06 14:56:34.628 [EmployeeManagement.main()] Dialect - HHH000400: Using dialect: org.hibernate.dialect.PostgreSQLDialect
[INFO ] 2024-08-06 14:56:35.259 [EmployeeManagement.main()] JtaPlatformInitiator - HHH000490: Using JtaPlatform implementation: [org.hibernate.engine.transaction.jta.platform.internal.NoJtaPlatform]
[INFO ] 2024-08-06 14:56:35.338 [EmployeeManagement.main()] DepartmentController - Department added
[WARN ] 2024-08-06 14:56:51.987 [EmployeeManagement.main()] pooling - HHH10001002: Using Hibernate built-in connection pool (not for production use!)
[INFO ] 2024-08-06 14:56:51.987 [EmployeeManagement.main()] pooling - HHH10001005: using driver [org.postgresql.Driver] at URL [jdbc:postgresql://localhost:5432/EmployeeManagementSystem]
[INFO ] 2024-08-06 14:56:51.987 [EmployeeManagement.main()] pooling - HHH10001001: Connection properties: {password=****, autocommit=true, user=postgres}
[INFO ] 2024-08-06 14:56:51.987 [EmployeeManagement.main()] pooling - HHH10001003: Autocommit mode: true
[INFO ] 2024-08-06 14:56:51.987 [EmployeeManagement.main()] DriverManagerConnectionProviderImpl - HHH000115: Hibernate connection pool size: 20 (min=1)
[INFO ] 2024-08-06 14:56:52.036 [EmployeeManagement.main()] Dialect - HHH000400: Using dialect: org.hibernate.dialect.PostgreSQLDialect
[INFO ] 2024-08-06 14:56:52.286 [EmployeeManagement.main()] JtaPlatformInitiator - HHH000490: Using JtaPlatform implementation: [org.hibernate.engine.transaction.jta.platform.internal.NoJtaPlatform]
[WARN ] 2024-08-06 14:57:01.041 [EmployeeManagement.main()] pooling - HHH10001002: Using Hibernate built-in connection pool (not for production use!)
[INFO ] 2024-08-06 14:57:01.041 [EmployeeManagement.main()] pooling - HHH10001005: using driver [org.postgresql.Driver] at URL [jdbc:postgresql://localhost:5432/EmployeeManagementSystem]
[INFO ] 2024-08-06 14:57:01.041 [EmployeeManagement.main()] pooling - HHH10001001: Connection properties: {password=****, autocommit=true, user=postgres}
[INFO ] 2024-08-06 14:57:01.041 [EmployeeManagement.main()] pooling - HHH10001003: Autocommit mode: true
[INFO ] 2024-08-06 14:57:01.041 [EmployeeManagement.main()] DriverManagerConnectionProviderImpl - HHH000115: Hibernate connection pool size: 20 (min=1)
[INFO ] 2024-08-06 14:57:01.086 [EmployeeManagement.main()] Dialect - HHH000400: Using dialect: org.hibernate.dialect.PostgreSQLDialect
[INFO ] 2024-08-06 14:57:01.274 [EmployeeManagement.main()] JtaPlatformInitiator - HHH000490: Using JtaPlatform implementation: [org.hibernate.engine.transaction.jta.platform.internal.NoJtaPlatform]
[WARN ] 2024-08-06 14:57:01.352 [EmployeeManagement.main()] pooling - HHH10001002: Using Hibernate built-in connection pool (not for production use!)
[INFO ] 2024-08-06 14:57:01.352 [EmployeeManagement.main()] pooling - HHH10001005: using driver [org.postgresql.Driver] at URL [jdbc:postgresql://localhost:5432/EmployeeManagementSystem]
[INFO ] 2024-08-06 14:57:01.352 [EmployeeManagement.main()] pooling - HHH10001001: Connection properties: {password=****, autocommit=true, user=postgres}
[INFO ] 2024-08-06 14:57:01.352 [EmployeeManagement.main()] pooling - HHH10001003: Autocommit mode: true
[INFO ] 2024-08-06 14:57:01.352 [EmployeeManagement.main()] DriverManagerConnectionProviderImpl - HHH000115: Hibernate connection pool size: 20 (min=1)
[INFO ] 2024-08-06 14:57:01.494 [EmployeeManagement.main()] Dialect - HHH000400: Using dialect: org.hibernate.dialect.PostgreSQLDialect
[INFO ] 2024-08-06 14:57:01.684 [EmployeeManagement.main()] JtaPlatformInitiator - HHH000490: Using JtaPlatform implementation: [org.hibernate.engine.transaction.jta.platform.internal.NoJtaPlatform]
[INFO ] 2024-08-06 14:57:01.739 [EmployeeManagement.main()] EmployeeController - Employee Added
[WARN ] 2024-08-06 14:57:21.272 [EmployeeManagement.main()] pooling - HHH10001002: Using Hibernate built-in connection pool (not for production use!)
[INFO ] 2024-08-06 14:57:21.272 [EmployeeManagement.main()] pooling - HHH10001005: using driver [org.postgresql.Driver] at URL [jdbc:postgresql://localhost:5432/EmployeeManagementSystem]
[INFO ] 2024-08-06 14:57:21.272 [EmployeeManagement.main()] pooling - HHH10001001: Connection properties: {password=****, autocommit=true, user=postgres}
[INFO ] 2024-08-06 14:57:21.272 [EmployeeManagement.main()] pooling - HHH10001003: Autocommit mode: true
[INFO ] 2024-08-06 14:57:21.272 [EmployeeManagement.main()] DriverManagerConnectionProviderImpl - HHH000115: Hibernate connection pool size: 20 (min=1)
[INFO ] 2024-08-06 14:57:21.320 [EmployeeManagement.main()] Dialect - HHH000400: Using dialect: org.hibernate.dialect.PostgreSQLDialect
[INFO ] 2024-08-06 14:57:21.523 [EmployeeManagement.main()] JtaPlatformInitiator - HHH000490: Using JtaPlatform implementation: [org.hibernate.engine.transaction.jta.platform.internal.NoJtaPlatform]
[INFO ] 2024-08-06 14:57:21.571 [EmployeeManagement.main()] ProjectController - Project Added
[WARN ] 2024-08-06 14:57:28.535 [EmployeeManagement.main()] pooling - HHH10001002: Using Hibernate built-in connection pool (not for production use!)
[INFO ] 2024-08-06 14:57:28.535 [EmployeeManagement.main()] pooling - HHH10001005: using driver [org.postgresql.Driver] at URL [jdbc:postgresql://localhost:5432/EmployeeManagementSystem]
[INFO ] 2024-08-06 14:57:28.535 [EmployeeManagement.main()] pooling - HHH10001001: Connection properties: {password=****, autocommit=true, user=postgres}
[INFO ] 2024-08-06 14:57:28.535 [EmployeeManagement.main()] pooling - HHH10001003: Autocommit mode: true
[INFO ] 2024-08-06 14:57:28.535 [EmployeeManagement.main()] DriverManagerConnectionProviderImpl - HHH000115: Hibernate connection pool size: 20 (min=1)
[INFO ] 2024-08-06 14:57:28.567 [EmployeeManagement.main()] Dialect - HHH000400: Using dialect: org.hibernate.dialect.PostgreSQLDialect
[INFO ] 2024-08-06 14:57:28.741 [EmployeeManagement.main()] JtaPlatformInitiator - HHH000490: Using JtaPlatform implementation: [org.hibernate.engine.transaction.jta.platform.internal.NoJtaPlatform]
[WARN ] 2024-08-06 14:57:28.788 [EmployeeManagement.main()] pooling - HHH10001002: Using Hibernate built-in connection pool (not for production use!)
[INFO ] 2024-08-06 14:57:28.788 [EmployeeManagement.main()] pooling - HHH10001005: using driver [org.postgresql.Driver] at URL [jdbc:postgresql://localhost:5432/EmployeeManagementSystem]
[INFO ] 2024-08-06 14:57:28.788 [EmployeeManagement.main()] pooling - HHH10001001: Connection properties: {password=****, autocommit=true, user=postgres}
[INFO ] 2024-08-06 14:57:28.788 [EmployeeManagement.main()] pooling - HHH10001003: Autocommit mode: true
[INFO ] 2024-08-06 14:57:28.788 [EmployeeManagement.main()] DriverManagerConnectionProviderImpl - HHH000115: Hibernate connection pool size: 20 (min=1)
[INFO ] 2024-08-06 14:57:28.819 [EmployeeManagement.main()] Dialect - HHH000400: Using dialect: org.hibernate.dialect.PostgreSQLDialect
[INFO ] 2024-08-06 14:57:28.992 [EmployeeManagement.main()] JtaPlatformInitiator - HHH000490: Using JtaPlatform implementation: [org.hibernate.engine.transaction.jta.platform.internal.NoJtaPlatform]
[WARN ] 2024-08-06 14:57:30.758 [EmployeeManagement.main()] pooling - HHH10001002: Using Hibernate built-in connection pool (not for production use!)
[INFO ] 2024-08-06 14:57:30.758 [EmployeeManagement.main()] pooling - HHH10001005: using driver [org.postgresql.Driver] at URL [jdbc:postgresql://localhost:5432/EmployeeManagementSystem]
[INFO ] 2024-08-06 14:57:30.758 [EmployeeManagement.main()] pooling - HHH10001001: Connection properties: {password=****, autocommit=true, user=postgres}
[INFO ] 2024-08-06 14:57:30.758 [EmployeeManagement.main()] pooling - HHH10001003: Autocommit mode: true
[INFO ] 2024-08-06 14:57:30.758 [EmployeeManagement.main()] DriverManagerConnectionProviderImpl - HHH000115: Hibernate connection pool size: 20 (min=1)
[INFO ] 2024-08-06 14:57:30.790 [EmployeeManagement.main()] Dialect - HHH000400: Using dialect: org.hibernate.dialect.PostgreSQLDialect
[INFO ] 2024-08-06 14:57:30.947 [EmployeeManagement.main()] JtaPlatformInitiator - HHH000490: Using JtaPlatform implementation: [org.hibernate.engine.transaction.jta.platform.internal.NoJtaPlatform]
[WARN ] 2024-08-06 14:57:30.994 [EmployeeManagement.main()] pooling - HHH10001002: Using Hibernate built-in connection pool (not for production use!)
[INFO ] 2024-08-06 14:57:30.994 [EmployeeManagement.main()] pooling - HHH10001005: using driver [org.postgresql.Driver] at URL [jdbc:postgresql://localhost:5432/EmployeeManagementSystem]
[INFO ] 2024-08-06 14:57:30.994 [EmployeeManagement.main()] pooling - HHH10001001: Connection properties: {password=****, autocommit=true, user=postgres}
[INFO ] 2024-08-06 14:57:30.998 [EmployeeManagement.main()] pooling - HHH10001003: Autocommit mode: true
[INFO ] 2024-08-06 14:57:30.998 [EmployeeManagement.main()] DriverManagerConnectionProviderImpl - HHH000115: Hibernate connection pool size: 20 (min=1)
[INFO ] 2024-08-06 14:57:31.026 [EmployeeManagement.main()] Dialect - HHH000400: Using dialect: org.hibernate.dialect.PostgreSQLDialect
[INFO ] 2024-08-06 14:57:31.183 [EmployeeManagement.main()] JtaPlatformInitiator - HHH000490: Using JtaPlatform implementation: [org.hibernate.engine.transaction.jta.platform.internal.NoJtaPlatform]
[WARN ] 2024-08-06 14:57:31.264 [EmployeeManagement.main()] SqlExceptionHelper - SQL Error: 0, SQLState: 23505
[ERROR] 2024-08-06 14:57:31.264 [EmployeeManagement.main()] SqlExceptionHelper - ERROR: duplicate key value violates unique constraint "employee_project_pkey"
  Detail: Key (employee_id, project_id)=(1, 1) already exists.
[INFO ] 2024-08-06 14:57:31.264 [EmployeeManagement.main()] AbstractBatchImpl - HHH000010: On release of batch it still contained JDBC statements
[INFO ] 2024-08-06 18:11:24.526 [EmployeeManagement.main()] Version - HHH000412: Hibernate ORM core version 5.6.0.Final
[INFO ] 2024-08-06 18:11:24.871 [EmployeeManagement.main()] Version - HCANN000001: Hibernate Commons Annotations {5.1.2.Final}
[WARN ] 2024-08-06 18:11:24.981 [EmployeeManagement.main()] pooling - HHH10001002: Using Hibernate built-in connection pool (not for production use!)
[INFO ] 2024-08-06 18:11:24.981 [EmployeeManagement.main()] pooling - HHH10001005: using driver [org.postgresql.Driver] at URL [jdbc:postgresql://localhost:5432/EmployeeManagementSystem]
[INFO ] 2024-08-06 18:11:24.981 [EmployeeManagement.main()] pooling - HHH10001001: Connection properties: {password=****, autocommit=true, user=postgres}
[INFO ] 2024-08-06 18:11:24.981 [EmployeeManagement.main()] pooling - HHH10001003: Autocommit mode: true
[INFO ] 2024-08-06 18:11:24.981 [EmployeeManagement.main()] DriverManagerConnectionProviderImpl - HHH000115: Hibernate connection pool size: 20 (min=1)
[INFO ] 2024-08-06 18:11:25.186 [EmployeeManagement.main()] Dialect - HHH000400: Using dialect: org.hibernate.dialect.PostgreSQLDialect
[INFO ] 2024-08-06 18:11:25.974 [EmployeeManagement.main()] JtaPlatformInitiator - HHH000490: Using JtaPlatform implementation: [org.hibernate.engine.transaction.jta.platform.internal.NoJtaPlatform]
[INFO ] 2024-08-06 18:11:26.052 [EmployeeManagement.main()] ProjectController - Project Added
[WARN ] 2024-08-06 18:11:30.729 [EmployeeManagement.main()] pooling - HHH10001002: Using Hibernate built-in connection pool (not for production use!)
[INFO ] 2024-08-06 18:11:30.729 [EmployeeManagement.main()] pooling - HHH10001005: using driver [org.postgresql.Driver] at URL [jdbc:postgresql://localhost:5432/EmployeeManagementSystem]
[INFO ] 2024-08-06 18:11:30.729 [EmployeeManagement.main()] pooling - HHH10001001: Connection properties: {password=****, autocommit=true, user=postgres}
[INFO ] 2024-08-06 18:11:30.729 [EmployeeManagement.main()] pooling - HHH10001003: Autocommit mode: true
[INFO ] 2024-08-06 18:11:30.729 [EmployeeManagement.main()] DriverManagerConnectionProviderImpl - HHH000115: Hibernate connection pool size: 20 (min=1)
[INFO ] 2024-08-06 18:11:30.758 [EmployeeManagement.main()] Dialect - HHH000400: Using dialect: org.hibernate.dialect.PostgreSQLDialect
[INFO ] 2024-08-06 18:11:30.884 [EmployeeManagement.main()] JtaPlatformInitiator - HHH000490: Using JtaPlatform implementation: [org.hibernate.engine.transaction.jta.platform.internal.NoJtaPlatform]
[WARN ] 2024-08-06 18:11:30.916 [EmployeeManagement.main()] pooling - HHH10001002: Using Hibernate built-in connection pool (not for production use!)
[INFO ] 2024-08-06 18:11:30.916 [EmployeeManagement.main()] pooling - HHH10001005: using driver [org.postgresql.Driver] at URL [jdbc:postgresql://localhost:5432/EmployeeManagementSystem]
[INFO ] 2024-08-06 18:11:30.916 [EmployeeManagement.main()] pooling - HHH10001001: Connection properties: {password=****, autocommit=true, user=postgres}
[INFO ] 2024-08-06 18:11:30.916 [EmployeeManagement.main()] pooling - HHH10001003: Autocommit mode: true
[INFO ] 2024-08-06 18:11:30.929 [EmployeeManagement.main()] DriverManagerConnectionProviderImpl - HHH000115: Hibernate connection pool size: 20 (min=1)
[INFO ] 2024-08-06 18:11:30.963 [EmployeeManagement.main()] Dialect - HHH000400: Using dialect: org.hibernate.dialect.PostgreSQLDialect
[INFO ] 2024-08-06 18:11:31.073 [EmployeeManagement.main()] JtaPlatformInitiator - HHH000490: Using JtaPlatform implementation: [org.hibernate.engine.transaction.jta.platform.internal.NoJtaPlatform]
[WARN ] 2024-08-06 18:11:32.440 [EmployeeManagement.main()] pooling - HHH10001002: Using Hibernate built-in connection pool (not for production use!)
[INFO ] 2024-08-06 18:11:32.440 [EmployeeManagement.main()] pooling - HHH10001005: using driver [org.postgresql.Driver] at URL [jdbc:postgresql://localhost:5432/EmployeeManagementSystem]
[INFO ] 2024-08-06 18:11:32.440 [EmployeeManagement.main()] pooling - HHH10001001: Connection properties: {password=****, autocommit=true, user=postgres}
[INFO ] 2024-08-06 18:11:32.440 [EmployeeManagement.main()] pooling - HHH10001003: Autocommit mode: true
[INFO ] 2024-08-06 18:11:32.440 [EmployeeManagement.main()] DriverManagerConnectionProviderImpl - HHH000115: Hibernate connection pool size: 20 (min=1)
[INFO ] 2024-08-06 18:11:32.471 [EmployeeManagement.main()] Dialect - HHH000400: Using dialect: org.hibernate.dialect.PostgreSQLDialect
[INFO ] 2024-08-06 18:11:32.565 [EmployeeManagement.main()] JtaPlatformInitiator - HHH000490: Using JtaPlatform implementation: [org.hibernate.engine.transaction.jta.platform.internal.NoJtaPlatform]
[WARN ] 2024-08-06 18:11:32.581 [EmployeeManagement.main()] pooling - HHH10001002: Using Hibernate built-in connection pool (not for production use!)
[INFO ] 2024-08-06 18:11:32.581 [EmployeeManagement.main()] pooling - HHH10001005: using driver [org.postgresql.Driver] at URL [jdbc:postgresql://localhost:5432/EmployeeManagementSystem]
[INFO ] 2024-08-06 18:11:32.581 [EmployeeManagement.main()] pooling - HHH10001001: Connection properties: {password=****, autocommit=true, user=postgres}
[INFO ] 2024-08-06 18:11:32.581 [EmployeeManagement.main()] pooling - HHH10001003: Autocommit mode: true
[INFO ] 2024-08-06 18:11:32.581 [EmployeeManagement.main()] DriverManagerConnectionProviderImpl - HHH000115: Hibernate connection pool size: 20 (min=1)
[INFO ] 2024-08-06 18:11:32.612 [EmployeeManagement.main()] Dialect - HHH000400: Using dialect: org.hibernate.dialect.PostgreSQLDialect
[INFO ] 2024-08-06 18:11:32.706 [EmployeeManagement.main()] JtaPlatformInitiator - HHH000490: Using JtaPlatform implementation: [org.hibernate.engine.transaction.jta.platform.internal.NoJtaPlatform]
[WARN ] 2024-08-06 18:11:32.734 [EmployeeManagement.main()] SqlExceptionHelper - SQL Error: 0, SQLState: 23505
[ERROR] 2024-08-06 18:11:32.734 [EmployeeManagement.main()] SqlExceptionHelper - ERROR: duplicate key value violates unique constraint "employee_project_pkey"
  Detail: Key (employee_id, project_id)=(1, 2) already exists.
[INFO ] 2024-08-06 18:11:32.734 [EmployeeManagement.main()] AbstractBatchImpl - HHH000010: On release of batch it still contained JDBC statements
[INFO ] 2024-08-06 18:12:46.970 [EmployeeManagement.main()] Version - HHH000412: Hibernate ORM core version 5.6.0.Final
[INFO ] 2024-08-06 18:12:47.268 [EmployeeManagement.main()] Version - HCANN000001: Hibernate Commons Annotations {5.1.2.Final}
[WARN ] 2024-08-06 18:12:47.362 [EmployeeManagement.main()] pooling - HHH10001002: Using Hibernate built-in connection pool (not for production use!)
[INFO ] 2024-08-06 18:12:47.362 [EmployeeManagement.main()] pooling - HHH10001005: using driver [org.postgresql.Driver] at URL [jdbc:postgresql://localhost:5432/EmployeeManagementSystem]
[INFO ] 2024-08-06 18:12:47.378 [EmployeeManagement.main()] pooling - HHH10001001: Connection properties: {password=****, autocommit=true, user=postgres}
[INFO ] 2024-08-06 18:12:47.378 [EmployeeManagement.main()] pooling - HHH10001003: Autocommit mode: true
[INFO ] 2024-08-06 18:12:47.378 [EmployeeManagement.main()] DriverManagerConnectionProviderImpl - HHH000115: Hibernate connection pool size: 20 (min=1)
[INFO ] 2024-08-06 18:12:47.583 [EmployeeManagement.main()] Dialect - HHH000400: Using dialect: org.hibernate.dialect.PostgreSQLDialect
[INFO ] 2024-08-06 18:12:48.338 [EmployeeManagement.main()] JtaPlatformInitiator - HHH000490: Using JtaPlatform implementation: [org.hibernate.engine.transaction.jta.platform.internal.NoJtaPlatform]
[WARN ] 2024-08-06 18:12:48.479 [EmployeeManagement.main()] pooling - HHH10001002: Using Hibernate built-in connection pool (not for production use!)
[INFO ] 2024-08-06 18:12:48.479 [EmployeeManagement.main()] pooling - HHH10001005: using driver [org.postgresql.Driver] at URL [jdbc:postgresql://localhost:5432/EmployeeManagementSystem]
[INFO ] 2024-08-06 18:12:48.479 [EmployeeManagement.main()] pooling - HHH10001001: Connection properties: {password=****, autocommit=true, user=postgres}
[INFO ] 2024-08-06 18:12:48.479 [EmployeeManagement.main()] pooling - HHH10001003: Autocommit mode: true
[INFO ] 2024-08-06 18:12:48.479 [EmployeeManagement.main()] DriverManagerConnectionProviderImpl - HHH000115: Hibernate connection pool size: 20 (min=1)
[INFO ] 2024-08-06 18:12:48.510 [EmployeeManagement.main()] Dialect - HHH000400: Using dialect: org.hibernate.dialect.PostgreSQLDialect
[INFO ] 2024-08-06 18:12:48.636 [EmployeeManagement.main()] JtaPlatformInitiator - HHH000490: Using JtaPlatform implementation: [org.hibernate.engine.transaction.jta.platform.internal.NoJtaPlatform]
[WARN ] 2024-08-06 18:12:49.857 [EmployeeManagement.main()] pooling - HHH10001002: Using Hibernate built-in connection pool (not for production use!)
[INFO ] 2024-08-06 18:12:49.857 [EmployeeManagement.main()] pooling - HHH10001005: using driver [org.postgresql.Driver] at URL [jdbc:postgresql://localhost:5432/EmployeeManagementSystem]
[INFO ] 2024-08-06 18:12:49.857 [EmployeeManagement.main()] pooling - HHH10001001: Connection properties: {password=****, autocommit=true, user=postgres}
[INFO ] 2024-08-06 18:12:49.857 [EmployeeManagement.main()] pooling - HHH10001003: Autocommit mode: true
[INFO ] 2024-08-06 18:12:49.857 [EmployeeManagement.main()] DriverManagerConnectionProviderImpl - HHH000115: Hibernate connection pool size: 20 (min=1)
[INFO ] 2024-08-06 18:12:49.889 [EmployeeManagement.main()] Dialect - HHH000400: Using dialect: org.hibernate.dialect.PostgreSQLDialect
[INFO ] 2024-08-06 18:12:49.989 [EmployeeManagement.main()] JtaPlatformInitiator - HHH000490: Using JtaPlatform implementation: [org.hibernate.engine.transaction.jta.platform.internal.NoJtaPlatform]
[WARN ] 2024-08-06 18:12:50.015 [EmployeeManagement.main()] pooling - HHH10001002: Using Hibernate built-in connection pool (not for production use!)
[INFO ] 2024-08-06 18:12:50.015 [EmployeeManagement.main()] pooling - HHH10001005: using driver [org.postgresql.Driver] at URL [jdbc:postgresql://localhost:5432/EmployeeManagementSystem]
[INFO ] 2024-08-06 18:12:50.015 [EmployeeManagement.main()] pooling - HHH10001001: Connection properties: {password=****, autocommit=true, user=postgres}
[INFO ] 2024-08-06 18:12:50.015 [EmployeeManagement.main()] pooling - HHH10001003: Autocommit mode: true
[INFO ] 2024-08-06 18:12:50.015 [EmployeeManagement.main()] DriverManagerConnectionProviderImpl - HHH000115: Hibernate connection pool size: 20 (min=1)
[INFO ] 2024-08-06 18:12:50.046 [EmployeeManagement.main()] Dialect - HHH000400: Using dialect: org.hibernate.dialect.PostgreSQLDialect
[INFO ] 2024-08-06 18:12:50.148 [EmployeeManagement.main()] JtaPlatformInitiator - HHH000490: Using JtaPlatform implementation: [org.hibernate.engine.transaction.jta.platform.internal.NoJtaPlatform]
